d:\1.university\year4\honours project\testing3d gjk\honours project\honours project\debug\vc142.pdb
d:\1.university\year4\honours project\testing3d gjk\honours project\honours project\debug\vc142.idb
d:\1.university\year4\honours project\testing3d gjk\honours project\honours project\debug\window.obj
d:\1.university\year4\honours project\testing3d gjk\honours project\honours project\debug\supportfunction.obj
d:\1.university\year4\honours project\testing3d gjk\honours project\honours project\debug\simplex.obj
d:\1.university\year4\honours project\testing3d gjk\honours project\honours project\debug\rt3dobjloader.obj
d:\1.university\year4\honours project\testing3d gjk\honours project\honours project\debug\rt3d.obj
d:\1.university\year4\honours project\testing3d gjk\honours project\honours project\debug\player.obj
d:\1.university\year4\honours project\testing3d gjk\honours project\honours project\debug\minkowskisum.obj
d:\1.university\year4\honours project\testing3d gjk\honours project\honours project\debug\md2model.obj
d:\1.university\year4\honours project\testing3d gjk\honours project\honours project\debug\main.obj
d:\1.university\year4\honours project\testing3d gjk\honours project\honours project\debug\loadtextures.obj
d:\1.university\year4\honours project\testing3d gjk\honours project\honours project\debug\gjk.obj
d:\1.university\year4\honours project\testing3d gjk\honours project\honours project\debug\game.obj
d:\1.university\year4\honours project\testing3d gjk\honours project\honours project\debug\cylinder.obj
d:\1.university\year4\honours project\testing3d gjk\honours project\honours project\debug\convex_hull.obj
d:\1.university\year4\honours project\testing3d gjk\honours project\honours project\debug\cone.obj
d:\1.university\year4\honours project\testing3d gjk\honours project\honours project\debug\sphere.obj
d:\1.university\year4\honours project\testing3d gjk\honours project\honours project\debug\sat.obj
d:\1.university\year4\honours project\testing3d gjk\honours project\honours project\debug\maths.obj
d:\1.university\year4\honours project\testing3d gjk\honours project\honours project\debug\camera.obj
d:\1.university\year4\honours project\testing3d gjk\honours project\honours project\debug\cube.obj
d:\1.university\year4\honours project\testing3d gjk\honours project\debug\honours project.exe
d:\1.university\year4\honours project\testing3d gjk\honours project\debug\honours project.ilk
d:\1.university\year4\honours project\testing3d gjk\honours project\debug\honours project.pdb
d:\1.university\year4\honours project\testing3d gjk\honours project\honours project\debug\honours project.tlog\cl.command.1.tlog
d:\1.university\year4\honours project\testing3d gjk\honours project\honours project\debug\honours project.tlog\cl.read.1.tlog
d:\1.university\year4\honours project\testing3d gjk\honours project\honours project\debug\honours project.tlog\cl.write.1.tlog
d:\1.university\year4\honours project\testing3d gjk\honours project\honours project\debug\honours project.tlog\link.command.1.tlog
d:\1.university\year4\honours project\testing3d gjk\honours project\honours project\debug\honours project.tlog\link.read.1.tlog
d:\1.university\year4\honours project\testing3d gjk\honours project\honours project\debug\honours project.tlog\link.write.1.tlog
